<?xml version="1.0" encoding="UTF-8"?>
<!-- Generated by org.testng.reporters.JUnitXMLReporter -->
<testsuite ignored="0" hostname="VIVEK" failures="4" tests="7" name="Test" time="3.115" errors="0" timestamp="2022-12-11T18:31:44 IST">
  <testcase classname="tests.TestCases2Test" name="simpletest" time="0.018"/>
  <testcase classname="tests.TestCases2Test" name="testCase02" time="0.013">
    <failure type="java.lang.Error" message="Unresolved compilation problem: 
	The constructor RemoteWebDriver(URL, DesiredCapabilities, boolean) is undefined
">
      <![CDATA[java.lang.Error: Unresolved compilation problem: 
The constructor RemoteWebDriver(URL, DesiredCapabilities, boolean) is undefined

at selTestCases.PagesMasterClass.setRemoteDriver(PagesMasterClass.java:58)
at selTestCases.PagesMasterClass.<init>(PagesMasterClass.java:70)
at tests.TestCases2Test.testCase02(TestCases2Test.java:15)
at java.base/java.util.concurrent.FutureTask.run(FutureTask.java:264)
at java.base/java.util.concurrent.Executors$RunnableAdapter.call(Executors.java:539)
at java.base/java.util.concurrent.FutureTask.run(FutureTask.java:264)
at java.base/java.util.concurrent.ThreadPoolExecutor.runWorker(ThreadPoolExecutor.java:1136)
at java.base/java.util.concurrent.ThreadPoolExecutor$Worker.run(ThreadPoolExecutor.java:635)
at java.base/java.lang.Thread.run(Thread.java:833)
... Removed 9 stack frames]]>
    </failure>
  </testcase> <!-- testCase02 -->
  <testcase classname="tests.TestCases2Test" name="testCase02" time="0.013">
    <failure type="java.lang.Error" message="Unresolved compilation problem: 
	The constructor RemoteWebDriver(URL, DesiredCapabilities, boolean) is undefined
">
      <![CDATA[java.lang.Error: Unresolved compilation problem: 
The constructor RemoteWebDriver(URL, DesiredCapabilities, boolean) is undefined

at selTestCases.PagesMasterClass.setRemoteDriver(PagesMasterClass.java:58)
at selTestCases.PagesMasterClass.<init>(PagesMasterClass.java:70)
at tests.TestCases2Test.testCase02(TestCases2Test.java:15)
at java.base/java.util.concurrent.FutureTask.run(FutureTask.java:264)
at java.base/java.util.concurrent.Executors$RunnableAdapter.call(Executors.java:539)
at java.base/java.util.concurrent.FutureTask.run(FutureTask.java:264)
at java.base/java.util.concurrent.ThreadPoolExecutor.runWorker(ThreadPoolExecutor.java:1136)
at java.base/java.util.concurrent.ThreadPoolExecutor$Worker.run(ThreadPoolExecutor.java:635)
at java.base/java.lang.Thread.run(Thread.java:833)
... Removed 9 stack frames]]>
    </failure>
  </testcase> <!-- testCase02 -->
  <testcase classname="tests.TestCases2Test" name="testCase02" time="0.016">
    <failure type="java.lang.Error" message="Unresolved compilation problem: 
	The constructor RemoteWebDriver(URL, DesiredCapabilities, boolean) is undefined
">
      <![CDATA[java.lang.Error: Unresolved compilation problem: 
The constructor RemoteWebDriver(URL, DesiredCapabilities, boolean) is undefined

at selTestCases.PagesMasterClass.setRemoteDriver(PagesMasterClass.java:58)
at selTestCases.PagesMasterClass.<init>(PagesMasterClass.java:70)
at tests.TestCases2Test.testCase02(TestCases2Test.java:15)
at java.base/java.util.concurrent.FutureTask.run(FutureTask.java:264)
at java.base/java.util.concurrent.Executors$RunnableAdapter.call(Executors.java:539)
at java.base/java.util.concurrent.FutureTask.run(FutureTask.java:264)
at java.base/java.util.concurrent.ThreadPoolExecutor.runWorker(ThreadPoolExecutor.java:1136)
at java.base/java.util.concurrent.ThreadPoolExecutor$Worker.run(ThreadPoolExecutor.java:635)
at java.base/java.lang.Thread.run(Thread.java:833)
... Removed 9 stack frames]]>
    </failure>
  </testcase> <!-- testCase02 -->
  <testcase classname="tests.TestCasesTest" name="testcase02" time="0.002"/>
  <testcase classname="tests.TestCasesTest" name="testcase03" time="0.003"/>
  <testcase classname="tests.TestCasesTest" name="testcse01" time="0.141">
    <failure type="org.testng.internal.reflect.MethodMatcherException" message="
[public void tests.TestCasesTest.testcse01(java.lang.String,java.lang.String,java.lang.String,java.lang.String) throws java.lang.Throwable] has no parameters defined but was found to be using a data provider (either explicitly specified or inherited from class level annotation).
Data provider mismatch
Method: testcse01([Parameter{index=0, type=java.lang.String, declaredAnnotations=[]}, Parameter{index=1, type=java.lang.String, declaredAnnotations=[]}, Parameter{index=2, type=java.lang.String, declaredAnnotations=[]}, Parameter{index=3, type=java.lang.String, declaredAnnotations=[]}])
Arguments: [(java.lang.String) Browser,(java.lang.String) Email]">
      <![CDATA[org.testng.internal.reflect.MethodMatcherException: 
[public void tests.TestCasesTest.testcse01(java.lang.String,java.lang.String,java.lang.String,java.lang.String) throws java.lang.Throwable] has no parameters defined but was found to be using a data provider (either explicitly specified or inherited from class level annotation).
Data provider mismatch
Method: testcse01([Parameter{index=0, type=java.lang.String, declaredAnnotations=[]}, Parameter{index=1, type=java.lang.String, declaredAnnotations=[]}, Parameter{index=2, type=java.lang.String, declaredAnnotations=[]}, Parameter{index=3, type=java.lang.String, declaredAnnotations=[]}])
Arguments: [(java.lang.String) Browser,(java.lang.String) Email]
at java.base/java.util.ArrayList.forEach(ArrayList.java:1511)
... Removed 22 stack frames]]>
    </failure>
  </testcase> <!-- testcse01 -->
</testsuite> <!-- Test -->
