<?xml version="1.0" encoding="UTF-8"?>
<!-- Generated by org.testng.reporters.JUnitXMLReporter -->
<testsuite ignored="0" hostname="VIVEK" failures="2" tests="5" name="Test" time="0.121" errors="0" timestamp="2022-11-27T10:34:54 IST">
  <testcase classname="tests.TestCases2Test" name="simpletest" time="0.012"/>
  <testcase classname="tests.TestCases2Test" name="testCase02" time="0.0">
    <failure type="java.lang.RuntimeException" message="java.lang.NoClassDefFoundError: org/apache/poi/xssf/usermodel/XSSFWorkbook">
      <![CDATA[java.lang.RuntimeException: java.lang.NoClassDefFoundError: org/apache/poi/xssf/usermodel/XSSFWorkbook
at java.base/java.util.ArrayList.forEach(ArrayList.java:1511)
Caused by: java.lang.NoClassDefFoundError: org/apache/poi/xssf/usermodel/XSSFWorkbook
at excelReadingUtilities.ExcelReading.<init>(ExcelReading.java:63)
at data.dataFromExcel.dataProviderForBroser(dataFromExcel.java:18)
... 29 more
Caused by: java.lang.ClassNotFoundException: org.apache.poi.xssf.usermodel.XSSFWorkbook
at java.base/jdk.internal.loader.BuiltinClassLoader.loadClass(BuiltinClassLoader.java:641)
at java.base/jdk.internal.loader.ClassLoaders$AppClassLoader.loadClass(ClassLoaders.java:188)
at java.base/java.lang.ClassLoader.loadClass(ClassLoader.java:520)
... 38 more
... Removed 36 stack frames]]>
    </failure>
  </testcase> <!-- testCase02 -->
  <testcase classname="tests.TestCasesTest" name="testcase02" time="0.0"/>
  <testcase classname="tests.TestCasesTest" name="testcase03" time="0.0"/>
  <testcase classname="tests.TestCasesTest" name="testcse01" time="0.0">
    <failure type="java.lang.RuntimeException" message="java.lang.NoClassDefFoundError: org/apache/poi/xssf/usermodel/XSSFWorkbook">
      <![CDATA[java.lang.RuntimeException: java.lang.NoClassDefFoundError: org/apache/poi/xssf/usermodel/XSSFWorkbook
at java.base/java.util.ArrayList.forEach(ArrayList.java:1511)
Caused by: java.lang.NoClassDefFoundError: org/apache/poi/xssf/usermodel/XSSFWorkbook
at excelReadingUtilities.ExcelReading.<init>(ExcelReading.java:63)
at tests.TestCasesTest.getDataForExec(TestCasesTest.java:32)
... 29 more
Caused by: java.lang.ClassNotFoundException: org.apache.poi.xssf.usermodel.XSSFWorkbook
... 38 more
... Removed 36 stack frames]]>
    </failure>
  </testcase> <!-- testcse01 -->
</testsuite> <!-- Test -->
